<?xml version="1.0" encoding="UTF-8"?>
<!-- Generated by org.testng.reporters.JUnitReportReporter -->
<testsuite hostname="SKOTAPAT" failures="0" tests="3" name="com.persistent.ecommerce.ui.tests.EcommerceTests" time="129.599" errors="0" timestamp="2023-02-17T12:32:28 IST" skipped="0">
  <testcase classname="com.persistent.ecommerce.ui.tests.EcommerceTests" name="createOrder" time="63.352"/>
  <system-out/>
  <testcase classname="com.persistent.ecommerce.ui.tests.EcommerceTests" name="createAccount" time="17.447"/>
  <system-out/>
  <testcase classname="com.persistent.ecommerce.ui.tests.EcommerceTests" name="orderingWaterBottle" time="48.800"/>
  <system-out/>
</testsuite> <!-- com.persistent.ecommerce.ui.tests.EcommerceTests -->
