<?xml version="1.0" encoding="UTF-8"?>
<!-- Generated by org.testng.reporters.JUnitReportReporter -->
<testsuite hostname="SKOTAPAT" failures="0" tests="3" name="com.persistent.ecommerce.ui.tests.EcommerceTests" time="128.187" errors="0" timestamp="2023-02-17T14:55:43 IST" skipped="0">
  <testcase classname="com.persistent.ecommerce.ui.tests.EcommerceTests" name="orderingWaterBottle" time="44.968"/>
  <system-out/>
  <testcase classname="com.persistent.ecommerce.ui.tests.EcommerceTests" name="createOrder" time="71.174"/>
  <system-out/>
  <testcase classname="com.persistent.ecommerce.ui.tests.EcommerceTests" name="createAccount" time="12.045"/>
  <system-out/>
</testsuite> <!-- com.persistent.ecommerce.ui.tests.EcommerceTests -->
